0 info it worked if it ends with ok
1 verbose cli [ '/Users/briangallagher/.nvm/versions/node/v6.9.3/bin/node',
1 verbose cli   '/Users/briangallagher/.nvm/versions/node/v6.9.3/bin/npm',
1 verbose cli   'run',
1 verbose cli   'start-remote' ]
2 info using npm@3.10.10
3 info using node@v6.9.3
4 verbose run-script [ 'prestart-remote', 'start-remote', 'poststart-remote' ]
5 info lifecycle navigateclient@0.1.0~prestart-remote: navigateclient@0.1.0
6 silly lifecycle navigateclient@0.1.0~prestart-remote: no script for prestart-remote, continuing
7 info lifecycle navigateclient@0.1.0~start-remote: navigateclient@0.1.0
8 verbose lifecycle navigateclient@0.1.0~start-remote: unsafe-perm in lifecycle true
9 verbose lifecycle navigateclient@0.1.0~start-remote: PATH: /Users/briangallagher/.nvm/versions/node/v6.9.3/lib/node_modules/npm/bin/node-gyp-bin:/Users/briangallagher/dev/apps/openshiftnavigate/openshift-navigate-client/node_modules/.bin:/Users/briangallagher/dev/google-cloud-sdk/bin:/opt/local/bin:/opt/local/sbin:/Users/briangallagher/.nvm/versions/node/v6.9.3/bin:/Users/briangallagher/.rvm/gems/ruby-2.4.0/bin:/Users/briangallagher/.rvm/gems/ruby-2.4.0@global/bin:/Users/briangallagher/.rvm/rubies/ruby-2.4.0/bin:/usr/local/bin:/usr/bin:/bin:/usr/sbin:/sbin:/opt/X11/bin:/Library/Python/2.7:/Users/briangallagher/.rvm/bin$::usr/local/sbin:/usr/local/apache-ant/bin:/Users/briangallagher/Library/Android/sdk/platform-tools:/Users/briangallagher/Library/Android/sdk/tools:/Users/briangallagher/dev/redis-2.6.12/src:/Users/briangallagher/dev/database/mysql-5.6.12/bin:/Users/briangallagher/dev/nginx/1.2.8/sbin:/Users/briangallagher/dev/utils/Markdown.pl:/Library/Python/2.7:/usr/local/bin/go:/Users/briangallager/gowork2/bin:/Users/briangallagher/dev/utils/apache-maven-3.5.0/bin:/Users/briangallagher/.rvm/bin
10 verbose lifecycle navigateclient@0.1.0~start-remote: CWD: /Users/briangallagher/dev/apps/openshiftnavigate/openshift-navigate-client
11 silly lifecycle navigateclient@0.1.0~start-remote: Args: [ '-c',
11 silly lifecycle   'env-cmd ../environments/.localenv node application.js' ]
12 silly lifecycle navigateclient@0.1.0~start-remote: Returned: code: 1  signal: null
13 info lifecycle navigateclient@0.1.0~start-remote: Failed to exec start-remote script
14 verbose stack Error: navigateclient@0.1.0 start-remote: `env-cmd ../environments/.localenv node application.js`
14 verbose stack Exit status 1
14 verbose stack     at EventEmitter.<anonymous> (/Users/briangallagher/.nvm/versions/node/v6.9.3/lib/node_modules/npm/lib/utils/lifecycle.js:255:16)
14 verbose stack     at emitTwo (events.js:106:13)
14 verbose stack     at EventEmitter.emit (events.js:191:7)
14 verbose stack     at ChildProcess.<anonymous> (/Users/briangallagher/.nvm/versions/node/v6.9.3/lib/node_modules/npm/lib/utils/spawn.js:40:14)
14 verbose stack     at emitTwo (events.js:106:13)
14 verbose stack     at ChildProcess.emit (events.js:191:7)
14 verbose stack     at maybeClose (internal/child_process.js:877:16)
14 verbose stack     at Process.ChildProcess._handle.onexit (internal/child_process.js:226:5)
15 verbose pkgid navigateclient@0.1.0
16 verbose cwd /Users/briangallagher/dev/apps/openshiftnavigate/openshift-navigate-client
17 error Darwin 16.4.0
18 error argv "/Users/briangallagher/.nvm/versions/node/v6.9.3/bin/node" "/Users/briangallagher/.nvm/versions/node/v6.9.3/bin/npm" "run" "start-remote"
19 error node v6.9.3
20 error npm  v3.10.10
21 error code ELIFECYCLE
22 error navigateclient@0.1.0 start-remote: `env-cmd ../environments/.localenv node application.js`
22 error Exit status 1
23 error Failed at the navigateclient@0.1.0 start-remote script 'env-cmd ../environments/.localenv node application.js'.
23 error Make sure you have the latest version of node.js and npm installed.
23 error If you do, this is most likely a problem with the navigateclient package,
23 error not with npm itself.
23 error Tell the author that this fails on your system:
23 error     env-cmd ../environments/.localenv node application.js
23 error You can get information on how to open an issue for this project with:
23 error     npm bugs navigateclient
23 error Or if that isn't available, you can get their info via:
23 error     npm owner ls navigateclient
23 error There is likely additional logging output above.
24 verbose exit [ 1, true ]
